<?xml version="1.0" encoding="utf-8"?><testsuites name="pytest tests"><testsuite name="pytest" errors="0" failures="0" skipped="0" tests="4" time="2.053" timestamp="2026-09-12T14:32:33.957228+00:00" hostname="agent-env-2f3c4981-ce69-465f-991c-4718a69c6f59"><testcase classname="tests.test_iteration_24.TestLordCaravansSearch" name="test_info_radius_50" time="0.774" /><testcase classname="tests.test_iteration_24.TestLordCaravansSearch" name="test_search_shape" time="0.139" /><testcase classname="tests.test_iteration_24.TestLordCaravanEscort" name="test_send_escorted_caravan_and_then_409" time="0.287" /><testcase classname="tests.test_iteration_24.TestDemoCaravansSearch" name="test_demo_world2_search" time="0.804" /></testsuite></testsuites>