<?xml version="1.0" encoding="utf-8"?><testsuites name="pytest tests"><testsuite name="pytest" errors="0" failures="0" skipped="0" tests="10" time="3.212" timestamp="2026-09-13T08:45:09.530782+00:00" hostname="agent-env-2f3c4981-ce69-465f-991c-4718a69c6f59"><testcase classname="tests.test_iteration_28_observer.TestPyramidsList" name="test_list_10_and_shape" time="0.620" /><testcase classname="tests.test_iteration_28_observer.TestPyramidDetails" name="test_obs_default_is_own_region" time="0.376" /><testcase classname="tests.test_iteration_28_observer.TestPyramidDetails" name="test_grand_config" time="0.180" /><testcase classname="tests.test_iteration_28_observer.TestPyramidDetails" name="test_unknown_pyramid_404" time="0.233" /><testcase classname="tests.test_iteration_28_observer.TestPyramidDetails" name="test_demo_default_and_cross_region" time="0.710" /><testcase classname="tests.test_iteration_28_observer.TestGrandeMondoAggregate" name="test_gm_shape" time="0.177" /><testcase classname="tests.test_iteration_28_observer.TestAdmin" name="test_open_grand_needs_war" time="0.150" /><testcase classname="tests.test_iteration_28_observer.TestAdmin" name="test_open_grand_demo_forbidden" time="0.205" /><testcase classname="tests.test_iteration_28_observer.TestAdmin" name="test_regional_config_roundtrip" time="0.342" /><testcase classname="tests.test_iteration_28_observer.TestFinalState" name="test_isolation_and_config" time="0.152" /></testsuite></testsuites>