<?xml version="1.0" encoding="utf-8"?><testsuites name="pytest tests"><testsuite name="pytest" errors="0" failures="0" skipped="0" tests="12" time="5.546" timestamp="2026-09-12T21:32:02.638227+00:00" hostname="agent-env-2f3c4981-ce69-465f-991c-4718a69c6f59"><testcase classname="tests.test_iteration_26_teleport.TestObserverMe" name="test_player_region_and_view_all" time="0.677" /><testcase classname="tests.test_iteration_26_teleport.TestObserverMe" name="test_three_settlements_one_mother" time="0.000" /><testcase classname="tests.test_iteration_26_teleport.TestTeleportCandidates" name="test_mother_rejected_409" time="0.159" /><testcase classname="tests.test_iteration_26_teleport.TestTeleportCandidates" name="test_non_mother_candidates_inside_it_square" time="0.259" /><testcase classname="tests.test_iteration_26_teleport.TestTeleportPost" name="test_teleport_then_idempotent_replay" time="1.650" /><testcase classname="tests.test_iteration_26_teleport.TestTeleportPost" name="test_new_key_same_slot_now_unavailable" time="0.577" /><testcase classname="tests.test_iteration_26_teleport.TestTeleportPost" name="test_sentinels_endpoint_still_200" time="0.406" /><testcase classname="tests.test_iteration_26_teleport.TestTeleportNegative" name="test_demo_mother_teleport_rejected" time="0.614" /><testcase classname="tests.test_iteration_26_teleport.TestTeleportNegative" name="test_classic_realm_teleport_unavailable" time="0.295" /><testcase classname="tests.test_iteration_26_teleport.TestObserverVisibility" name="test_fr_chunk_not_fogged_for_observer" time="0.403" /><testcase classname="tests.test_iteration_26_teleport.TestObserverVisibility" name="test_overview_observer_sees_all_regions" time="0.265" /><testcase classname="tests.test_iteration_26_teleport.TestPhase" name="test_grande_mondo_endpoint" time="0.137" /></testsuite></testsuites>