<?xml version="1.0" encoding="utf-8"?><testsuites name="pytest tests"><testsuite name="pytest" errors="0" failures="0" skipped="0" tests="9" time="12.585" timestamp="2026-09-11T20:38:30.902983+00:00" hostname="agent-env-2f3c4981-ce69-465f-991c-4718a69c6f59"><testcase classname="tests.test_iteration_18.TestDaily" name="test_max_daily_status_shape" time="0.852" /><testcase classname="tests.test_iteration_18.TestDaily" name="test_max_claim_and_second_claim_conflict" time="0.836" /><testcase classname="tests.test_iteration_18.TestDaily" name="test_demo_daily_status" time="0.632" /><testcase classname="tests.test_iteration_18.TestSpeedup" name="test_speedup_nonexistent_job_returns_clean_404" time="0.186" /><testcase classname="tests.test_iteration_18.TestSpeedup" name="test_speedup_demo_insufficient_or_notfound" time="0.489" /><testcase classname="tests.test_iteration_18.TestChat" name="test_post_world_message_and_rate_limit" time="4.617" /><testcase classname="tests.test_iteration_18.TestChat" name="test_chat_summary_has_world_alliance_negotiations" time="0.210" /><testcase classname="tests.test_iteration_18.TestChat" name="test_mercenary_directory_shape" time="0.166" /><testcase classname="tests.test_iteration_18.TestChat" name="test_negotiation_post_and_read" time="4.488" /></testsuite></testsuites>