<?xml version="1.0" encoding="utf-8"?><testsuites name="pytest tests"><testsuite name="pytest" errors="0" failures="0" skipped="0" tests="22" time="5.812" timestamp="2026-09-10T17:18:13.330945+00:00" hostname="agent-env-2f3c4981-ce69-465f-991c-4718a69c6f59"><testcase classname="tests.test_public_e2e.TestAuth" name="test_health" time="0.309" /><testcase classname="tests.test_public_e2e.TestAuth" name="test_spec_catalog_counts" time="0.111" /><testcase classname="tests.test_public_e2e.TestAuth" name="test_register_and_login" time="0.607" /><testcase classname="tests.test_public_e2e.TestAuth" name="test_me_requires_bearer" time="0.081" /><testcase classname="tests.test_public_e2e.TestAuth" name="test_me_with_token" time="0.094" /><testcase classname="tests.test_public_e2e.TestAuth" name="test_refresh_token" time="0.099" /><testcase classname="tests.test_public_e2e.TestAuth" name="test_logout" time="0.082" /><testcase classname="tests.test_public_e2e.TestWorlds" name="test_list_worlds" time="0.563" /><testcase classname="tests.test_public_e2e.TestWorlds" name="test_join_new_account" time="0.238" /><testcase classname="tests.test_public_e2e.TestWorlds" name="test_demo_me" time="0.084" /><testcase classname="tests.test_public_e2e.TestBuildings" name="test_buildings_catalog" time="0.090" /><testcase classname="tests.test_public_e2e.TestBuildings" name="test_upgrade_idempotency" time="0.413" /><testcase classname="tests.test_public_e2e.TestBuildings" name="test_settlement_upgrade_error_shape" time="0.083" /><testcase classname="tests.test_public_e2e.TestResearch" name="test_research_catalog" time="0.096" /><testcase classname="tests.test_public_e2e.TestResearch" name="test_research_prereq_error" time="0.164" /><testcase classname="tests.test_public_e2e.TestArmy" name="test_army_catalog" time="0.079" /><testcase classname="tests.test_public_e2e.TestArmy" name="test_recruit_and_finish" time="0.553" /><testcase classname="tests.test_public_e2e.TestMap" name="test_chunk_home" time="0.099" /><testcase classname="tests.test_public_e2e.TestMap" name="test_chunk_out_of_range" time="0.084" /><testcase classname="tests.test_public_e2e.TestMap" name="test_overview_without_bearer" time="0.077" /><testcase classname="tests.test_public_e2e.TestMap" name="test_overview_with_bearer" time="0.083" /><testcase classname="tests.test_public_e2e.TestMarch" name="test_attack_neutral_full_flow" time="1.656" /></testsuite></testsuites>