<?xml version="1.0" encoding="utf-8"?><testsuites name="pytest tests"><testsuite name="pytest" errors="0" failures="0" skipped="0" tests="5" time="1.091" timestamp="2026-09-12T06:19:16.908437+00:00" hostname="agent-env-2f3c4981-ce69-465f-991c-4718a69c6f59"><testcase classname="tests.test_iteration_19.TestDailyResourcesOnly" name="test_daily_status_shape" time="0.547" /><testcase classname="tests.test_iteration_19.TestDailyResourcesOnly" name="test_daily_claim_200_or_409" time="0.117" /><testcase classname="tests.test_iteration_19.TestSpeedupRemoved" name="test_speedup_endpoint_returns_404_not_500" time="0.121" /><testcase classname="tests.test_iteration_19.TestSpeedupRemoved" name="test_speedup_endpoint_no_body_also_404" time="0.112" /><testcase classname="tests.test_iteration_19.TestInbox" name="test_inbox_list" time="0.141" /></testsuite></testsuites>