<?xml version="1.0" encoding="utf-8"?><testsuites name="pytest tests"><testsuite name="pytest" errors="0" failures="0" skipped="1" tests="12" time="1.538" timestamp="2026-09-12T10:50:23.893435+00:00" hostname="agent-env-2f3c4981-ce69-465f-991c-4718a69c6f59"><testcase classname="tests.test_iteration_22.TestSentinelsGet" name="test_get_sentinels_shape" time="0.502" /><testcase classname="tests.test_iteration_22.TestSentinelsGet" name="test_get_sentinels_has_4_inner_guarded_plus_outer" time="0.131" /><testcase classname="tests.test_iteration_22.TestSentinelPost" name="test_post_N_inner_taken" time="0.117" /><testcase classname="tests.test_iteration_22.TestSentinelPost" name="test_post_N_outer_taken" time="0.126" /><testcase classname="tests.test_iteration_22.TestSentinelPost" name="test_post_invalid_direction" time="0.119" /><testcase classname="tests.test_iteration_22.TestSentinelPost" name="test_post_SE_outer_creates_and_get_shows_7" time="0.136"><skipped type="pytest.skip" message="OUTER SE already exists (pre_count=7); prior run created it — idempotent state">/app/backend/tests/test_iteration_22.py:95: OUTER SE already exists (pre_count=7); prior run created it — idempotent state</skipped></testcase><testcase classname="tests.test_iteration_22.TestWorld2NoNatural" name="test_world2_me_and_sentinels" time="0.218" /><testcase classname="tests.test_iteration_22.TestChunkSentinels" name="test_chunk_0_5_contains_sentinels" time="0.123" /><testcase classname="tests.test_sentinel_geometry" name="test_inner_wedges_partition_the_7x7_square" time="0.000" /><testcase classname="tests.test_sentinel_geometry" name="test_outer_wedges_partition_the_ring_band" time="0.000" /><testcase classname="tests.test_sentinel_geometry" name="test_twelve_slots_and_ring_defaults" time="0.000" /><testcase classname="tests.test_sentinel_geometry" name="test_natural_boundary_water_and_edge_not_mountain" time="0.011" /></testsuite></testsuites>