<?xml version="1.0" encoding="utf-8"?><testsuites name="pytest tests"><testsuite name="pytest" errors="0" failures="0" skipped="0" tests="11" time="2.507" timestamp="2026-09-10T16:13:56.488491+00:00" hostname="agent-env-2f3c4981-ce69-465f-991c-4718a69c6f59"><testcase classname="tests.test_iteration_7.TestSkins" name="test_skins_catalog_shape" time="0.737" /><testcase classname="tests.test_iteration_7.TestSkins" name="test_skin_put_locked_returns_409_with_required_level" time="0.104" /><testcase classname="tests.test_iteration_7.TestSkins" name="test_skin_put_invalid_returns_400" time="0.096" /><testcase classname="tests.test_iteration_7.TestSkins" name="test_skin_put_classic_ok" time="0.209" /><testcase classname="tests.test_iteration_7.TestSkins" name="test_skin_get_unauthenticated_401" time="0.091" /><testcase classname="tests.test_iteration_7.TestSkins" name="test_skin_put_unauthenticated_401" time="0.099" /><testcase classname="tests.test_iteration_7.TestSkins" name="test_skin_foreign_settlement_forbidden" time="0.351" /><testcase classname="tests.test_iteration_7.TestBattleHistory" name="test_battles_by_settlement_shape" time="0.286" /><testcase classname="tests.test_iteration_7.TestBattleHistory" name="test_battles_by_settlement_limit_upper_bound_422" time="0.204" /><testcase classname="tests.test_iteration_7.TestBattleHistory" name="test_battles_by_own_settlement_ok" time="0.101" /><testcase classname="tests.test_iteration_7.TestQaClock" name="test_clock_persisted_offset" time="0.119" /></testsuite></testsuites>