<?xml version="1.0" encoding="utf-8"?><testsuites name="pytest tests"><testsuite name="pytest" errors="0" failures="0" skipped="4" tests="29" time="9.747" timestamp="2026-09-13T06:34:55.318125+00:00" hostname="agent-env-2f3c4981-ce69-465f-991c-4718a69c6f59"><testcase classname="tests.test_iteration_25_grande_mondo.TestGrandeMondoShape" name="test_01_logins" time="0.749" /><testcase classname="tests.test_iteration_25_grande_mondo.TestGrandeMondoShape" name="test_02_worlds_new_geometry" time="0.080" /><testcase classname="tests.test_iteration_25_grande_mondo.TestGrandeMondoShape" name="test_03_grande_mondo_endpoint_observer" time="0.084" /><testcase classname="tests.test_iteration_25_grande_mondo.TestGrandeMondoShape" name="test_04_overview_new_size" time="0.106" /><testcase classname="tests.test_iteration_25_grande_mondo.TestAdminWarConfig" name="test_05_single_region_400" time="0.077" /><testcase classname="tests.test_iteration_25_grande_mondo.TestAdminWarConfig" name="test_06_invalid_multiplier_400" time="0.073" /><testcase classname="tests.test_iteration_25_grande_mondo.TestAdminWarConfig" name="test_07_valid_it_fr_x3" time="0.079" /><testcase classname="tests.test_iteration_25_grande_mondo.TestAdminWarConfig" name="test_08_demo_forbidden" time="0.080" /><testcase classname="tests.test_iteration_25_grande_mondo.TestAdminWarConfig" name="test_09_restore_fr_it_x5" time="0.076" /><testcase classname="tests.test_iteration_25_grande_mondo.TestSelectiveWar" name="test_10_obs_home_it_region" time="0.083" /><testcase classname="tests.test_iteration_25_grande_mondo.TestSelectiveWar" name="test_11_transition_war" time="0.089" /><testcase classname="tests.test_iteration_25_grande_mondo.TestSelectiveWar" name="test_12_march_preview_fr_neutral_x5" time="4.137" /><testcase classname="tests.test_iteration_25_grande_mondo.TestSelectiveWar" name="test_13_march_preview_es_neutral_fog_wall" time="0.188" /><testcase classname="tests.test_iteration_25_grande_mondo.TestSelectiveWar" name="test_14_transition_isolation_and_fog_up" time="0.088" /><testcase classname="tests.test_iteration_25_grande_mondo.TestSelectiveWar" name="test_15_after_isolation_fr_preview_fog_wall" time="0.081" /><testcase classname="tests.test_iteration_25_grande_mondo.TestFogChunk" name="test_16_demo_it_chunk_fogged" time="0.195" /><testcase classname="tests.test_iteration_25_grande_mondo.TestZFinalRestore" name="test_17_final_war_config_is_fr_it_x5" time="0.088" /><testcase classname="tests.test_iteration_26_teleport.TestObserverMe" name="test_player_region_and_view_all" time="0.614" /><testcase classname="tests.test_iteration_26_teleport.TestObserverMe" name="test_three_settlements_one_mother" time="0.000" /><testcase classname="tests.test_iteration_26_teleport.TestTeleportCandidates" name="test_mother_rejected_409" time="0.195" /><testcase classname="tests.test_iteration_26_teleport.TestTeleportCandidates" name="test_non_mother_candidates_inside_it_square" time="0.549"><skipped type="pytest.skip" message="IT region has no FREE PLAYER_SLOT candidates in current state (region full)">/app/backend/tests/test_iteration_26_teleport.py:103: IT region has no FREE PLAYER_SLOT candidates in current state (region full)</skipped></testcase><testcase classname="tests.test_iteration_26_teleport.TestTeleportPost" name="test_teleport_then_idempotent_replay" time="0.000"><skipped type="pytest.skip" message="previous test did not produce a candidate">/app/backend/tests/test_iteration_26_teleport.py:123: previous test did not produce a candidate</skipped></testcase><testcase classname="tests.test_iteration_26_teleport.TestTeleportPost" name="test_new_key_same_slot_now_unavailable" time="0.000"><skipped type="pytest.skip" message="previous teleport not done">/app/backend/tests/test_iteration_26_teleport.py:196: previous teleport not done</skipped></testcase><testcase classname="tests.test_iteration_26_teleport.TestTeleportPost" name="test_sentinels_endpoint_still_200" time="0.000"><skipped type="pytest.skip" message="no sid">/app/backend/tests/test_iteration_26_teleport.py:211: no sid</skipped></testcase><testcase classname="tests.test_iteration_26_teleport.TestTeleportNegative" name="test_demo_mother_teleport_rejected" time="0.776" /><testcase classname="tests.test_iteration_26_teleport.TestTeleportNegative" name="test_classic_realm_teleport_unavailable" time="0.336" /><testcase classname="tests.test_iteration_26_teleport.TestObserverVisibility" name="test_fr_chunk_not_fogged_for_observer" time="0.530" /><testcase classname="tests.test_iteration_26_teleport.TestObserverVisibility" name="test_overview_observer_sees_all_regions" time="0.170" /><testcase classname="tests.test_iteration_26_teleport.TestPhase" name="test_grande_mondo_endpoint" time="0.147" /></testsuite></testsuites>