<?xml version="1.0" encoding="utf-8"?><testsuites name="pytest tests"><testsuite name="pytest" errors="0" failures="0" skipped="0" tests="13" time="2.430" timestamp="2026-09-12T09:57:24.291752+00:00" hostname="agent-env-2f3c4981-ce69-465f-991c-4718a69c6f59"><testcase classname="tests.test_iteration_21" name="test_worlds_list_contains_two_worlds" time="0.651" /><testcase classname="tests.test_iteration_21" name="test_world2_chunk_18_18_ok" time="0.137" /><testcase classname="tests.test_iteration_21" name="test_world2_chunk_out_of_range" time="0.115" /><testcase classname="tests.test_iteration_21" name="test_world1_chunk_out_of_range" time="0.145" /><testcase classname="tests.test_iteration_21" name="test_map_overview_world1" time="0.168" /><testcase classname="tests.test_iteration_21" name="test_map_overview_world2" time="0.157" /><testcase classname="tests.test_iteration_21" name="test_pyramid_anchors" time="0.239" /><testcase classname="tests.test_iteration_21" name="test_sentinels_wedges_world1" time="0.145" /><testcase classname="tests.test_iteration_21" name="test_territory_wedge_chunk_world1" time="0.118" /><testcase classname="tests.test_iteration_21" name="test_post_worlds_requires_admin" time="0.139" /><testcase classname="tests.test_iteration_21" name="test_post_worlds_validation_size_too_small" time="0.110" /><testcase classname="tests.test_iteration_21" name="test_marches_list_world1" time="0.132" /><testcase classname="tests.test_iteration_21" name="test_settlement_read_world1" time="0.110" /></testsuite></testsuites>