<?xml version="1.0" encoding="utf-8"?><testsuites name="pytest tests"><testsuite name="pytest" errors="0" failures="0" skipped="0" tests="5" time="4.086" timestamp="2026-09-10T17:20:21.074645+00:00" hostname="agent-env-2f3c4981-ce69-465f-991c-4718a69c6f59"><testcase classname="tests.test_iteration_8.TestMissionsCatalog" name="test_catalog_shape" time="0.795" /><testcase classname="tests.test_iteration_8.TestMissionsFlow" name="test_full_flow" time="2.927" /><testcase classname="tests.test_iteration_8.TestProgress" name="test_progress_shape" time="0.093" /><testcase classname="tests.test_iteration_8.TestChronicle" name="test_chronicle_shape" time="0.081" /><testcase classname="tests.test_iteration_8.TestChronicle" name="test_chronicle_requires_bearer" time="0.073" /></testsuite></testsuites>