<?xml version="1.0" encoding="utf-8"?><testsuites name="pytest tests"><testsuite name="pytest" errors="0" failures="0" skipped="0" tests="11" time="7.298" timestamp="2026-09-12T20:11:29.383735+00:00" hostname="agent-env-2f3c4981-ce69-465f-991c-4718a69c6f59"><testcase classname="tests.test_iteration_25_grande_mondo.TestGrandeMondoBackend" name="test_01_demo_login" time="0.383" /><testcase classname="tests.test_iteration_25_grande_mondo.TestGrandeMondoBackend" name="test_02_worlds_listing_has_grande_mondo" time="0.065" /><testcase classname="tests.test_iteration_25_grande_mondo.TestGrandeMondoBackend" name="test_03_register_new_account_and_join_flows" time="0.816" /><testcase classname="tests.test_iteration_25_grande_mondo.TestGrandeMondoBackend" name="test_04_worlds_me_shape" time="0.073" /><testcase classname="tests.test_iteration_25_grande_mondo.TestGrandeMondoBackend" name="test_05_grande_mondo_endpoint" time="0.070" /><testcase classname="tests.test_iteration_25_grande_mondo.TestGrandeMondoBackend" name="test_06_fog_wall_chunks" time="0.201" /><testcase classname="tests.test_iteration_25_grande_mondo.TestGrandeMondoBackend" name="test_07_fog_overview_hides_foreign" time="0.103" /><testcase classname="tests.test_iteration_25_grande_mondo.TestGrandeMondoBackend" name="test_08_fog_wall_marches_preview" time="0.141" /><testcase classname="tests.test_iteration_25_grande_mondo.TestGrandeMondoBackend" name="test_09_qa_transition_to_war" time="0.696" /><testcase classname="tests.test_iteration_25_grande_mondo.TestGrandeMondoBackend" name="test_10_qa_transition_back_to_isolation" time="0.234" /><testcase classname="tests.test_iteration_25_grande_mondo.TestGrandeMondoBackend" name="test_11_classic_realm_regression" time="4.462" /></testsuite></testsuites>