<?xml version="1.0" encoding="utf-8"?><testsuites name="pytest tests"><testsuite name="pytest" errors="0" failures="0" skipped="0" tests="6" time="2.873" timestamp="2026-09-11T18:58:47.949561+00:00" hostname="agent-env-2f3c4981-ce69-465f-991c-4718a69c6f59"><testcase classname="tests.test_iteration_17.TestMarchSkins" name="test_get_house_reveals_skin_and_unlocks" time="0.726" /><testcase classname="tests.test_iteration_17.TestMarchSkins" name="test_put_falcon_ok" time="0.133" /><testcase classname="tests.test_iteration_17.TestMarchSkins" name="test_put_elephant_locked" time="0.165" /><testcase classname="tests.test_iteration_17.TestMarchSkins" name="test_put_invalid_skin" time="0.262" /><testcase classname="tests.test_iteration_17.TestMarchSkins" name="test_put_dragon_and_marches_reflect" time="0.559" /><testcase classname="tests.test_iteration_17.TestIntroSeen" name="test_ally_intro_flag_is_boolean_and_toggleable" time="0.972" /></testsuite></testsuites>