<?xml version="1.0" encoding="utf-8"?><testsuites name="pytest tests"><testsuite name="pytest" errors="0" failures="0" skipped="0" tests="28" time="10.540" timestamp="2026-09-10T15:26:15.345051+00:00" hostname="agent-env-2f3c4981-ce69-465f-991c-4718a69c6f59"><testcase classname="tests.test_iteration_6.TestHouseCrest" name="test_house_get_demo" time="0.647" /><testcase classname="tests.test_iteration_6.TestHouseCrest" name="test_house_put_valid_updates" time="0.184" /><testcase classname="tests.test_iteration_6.TestHouseCrest" name="test_house_denormalised_on_chunk" time="0.112" /><testcase classname="tests.test_iteration_6.TestHouseCrest" name="test_house_invalid_color" time="0.087" /><testcase classname="tests.test_iteration_6.TestHouseCrest" name="test_house_invalid_symbol" time="0.173" /><testcase classname="tests.test_iteration_6.TestHostileIntel" name="test_attack_and_intel_flow" time="2.203" /><testcase classname="tests.test_public_e2e.TestAuth" name="test_health" time="0.209" /><testcase classname="tests.test_public_e2e.TestAuth" name="test_spec_catalog_counts" time="0.123" /><testcase classname="tests.test_public_e2e.TestAuth" name="test_register_and_login" time="0.668" /><testcase classname="tests.test_public_e2e.TestAuth" name="test_me_requires_bearer" time="0.134" /><testcase classname="tests.test_public_e2e.TestAuth" name="test_me_with_token" time="0.092" /><testcase classname="tests.test_public_e2e.TestAuth" name="test_refresh_token" time="0.090" /><testcase classname="tests.test_public_e2e.TestAuth" name="test_logout" time="0.147" /><testcase classname="tests.test_public_e2e.TestWorlds" name="test_list_worlds" time="0.684" /><testcase classname="tests.test_public_e2e.TestWorlds" name="test_join_new_account" time="0.232" /><testcase classname="tests.test_public_e2e.TestWorlds" name="test_demo_me" time="0.106" /><testcase classname="tests.test_public_e2e.TestBuildings" name="test_buildings_catalog" time="0.109" /><testcase classname="tests.test_public_e2e.TestBuildings" name="test_upgrade_idempotency" time="0.511" /><testcase classname="tests.test_public_e2e.TestBuildings" name="test_settlement_upgrade_error_shape" time="0.088" /><testcase classname="tests.test_public_e2e.TestResearch" name="test_research_catalog" time="0.136" /><testcase classname="tests.test_public_e2e.TestResearch" name="test_research_prereq_error" time="0.205" /><testcase classname="tests.test_public_e2e.TestArmy" name="test_army_catalog" time="0.116" /><testcase classname="tests.test_public_e2e.TestArmy" name="test_recruit_and_finish" time="0.764" /><testcase classname="tests.test_public_e2e.TestMap" name="test_chunk_home" time="0.186" /><testcase classname="tests.test_public_e2e.TestMap" name="test_chunk_out_of_range" time="0.107" /><testcase classname="tests.test_public_e2e.TestMap" name="test_overview_without_bearer" time="0.110" /><testcase classname="tests.test_public_e2e.TestMap" name="test_overview_with_bearer" time="0.093" /><testcase classname="tests.test_public_e2e.TestMarch" name="test_attack_neutral_full_flow" time="2.164" /></testsuite></testsuites>